<?xml version="1.0" encoding="UTF-8"?>
<!-- Generated by org.testng.reporters.JUnitReportReporter -->
<testsuite skipped="0" hostname="DESKTOP-LDUGJ29" name="test.TestNgFramework" tests="3" failures="0" timestamp="15 Oct 2022 23:16:30 GMT" time="42.087" errors="0">
  <testcase name="userShouldBeAbleToAddCategory" time="25.475" classname="test.TestNgFramework"/>
  <testcase name="userShouldNotBeAbleToDuplicateCategory" time="9.626" classname="test.TestNgFramework"/>
  <testcase name="dropDownShouldHaveAllMonths" time="6.986" classname="test.TestNgFramework"/>
</testsuite> <!-- test.TestNgFramework -->
